  [4;36;1mSQL (0.4ms)[0m   [0;1m SELECT name
 FROM sqlite_master
 WHERE type = 'table' AND NOT name = 'sqlite_sequence'
[0m
  [4;35;1mSQL (0.2ms)[0m   [0mselect sqlite_version(*)[0m
  [4;36;1mSQL (93.3ms)[0m   [0;1mCREATE TABLE "schema_migrations" ("version" varchar(255) NOT NULL) [0m
  [4;35;1mSQL (42.9ms)[0m   [0mCREATE UNIQUE INDEX "unique_schema_migrations" ON "schema_migrations" ("version")[0m
  [4;36;1mSQL (0.2ms)[0m   [0;1m SELECT name
 FROM sqlite_master
 WHERE type = 'table' AND NOT name = 'sqlite_sequence'
[0m
  [4;35;1mSQL (0.1ms)[0m   [0mSELECT version FROM schema_migrations[0m
  [4;36;1mSQL (0.3ms)[0m   [0;1m SELECT name
 FROM sqlite_master
 WHERE type = 'table' AND NOT name = 'sqlite_sequence'
[0m
  [4;35;1mSQL (0.3ms)[0m   [0m SELECT name
 FROM sqlite_master
 WHERE type = 'table' AND NOT name = 'sqlite_sequence'
[0m
  [4;36;1mSQL (0.6ms)[0m   [0;1m SELECT name
 FROM sqlite_master
 WHERE type = 'table' AND NOT name = 'sqlite_sequence'
[0m
  [4;35;1mSQL (0.3ms)[0m   [0m SELECT name
 FROM sqlite_master
 WHERE type = 'table' AND NOT name = 'sqlite_sequence'
[0m
  [4;36;1mSQL (0.1ms)[0m   [0;1mSELECT version FROM schema_migrations[0m
Migrating to Users (20100122213837)
  [4;35;1mSQL (0.1ms)[0m   [0mselect sqlite_version(*)[0m
  [4;36;1mSQL (1.1ms)[0m   [0;1mCREATE TABLE "users" ("id" INTEGER PRIMARY KEY AUTOINCREMENT NOT NULL, "crypted_password" varchar(40), "salt" varchar(40), "remember_token" varchar(255), "remember_token_expires_at" datetime, "name" varchar(255), "email_address" varchar(255), "administrator" boolean DEFAULT 'f', "created_at" datetime, "updated_at" datetime, "state" varchar(255) DEFAULT 'active', "key_timestamp" datetime) [0m
  [4;35;1mSQL (0.2ms)[0m   [0mCREATE INDEX "index_users_on_state" ON "users" ("state")[0m
  [4;36;1mSQL (0.4ms)[0m   [0;1mINSERT INTO schema_migrations (version) VALUES ('20100122213837')[0m
  [4;35;1mSQL (0.4ms)[0m   [0m SELECT name
 FROM sqlite_master
 WHERE type = 'table' AND NOT name = 'sqlite_sequence'
[0m
  [4;36;1mSQL (0.2ms)[0m   [0;1mSELECT version FROM schema_migrations[0m
  [4;35;1mSQL (0.2ms)[0m   [0m SELECT name
 FROM sqlite_master
 WHERE type = 'table' AND NOT name = 'sqlite_sequence'
[0m
  [4;36;1mSQL (0.2ms)[0m   [0;1mPRAGMA index_list("users")[0m
  [4;35;1mSQL (0.2ms)[0m   [0mPRAGMA index_info('index_users_on_state')[0m
  [4;36;1mSQL (0.7ms)[0m   [0;1m SELECT name
 FROM sqlite_master
 WHERE type = 'table' AND NOT name = 'sqlite_sequence'
[0m


Processing FrontController#index (for 127.0.0.1 at 2010-01-22 14:38:57) [GET]
Rendering front/index
  DRYML: Compiled /usr/lib/ruby/gems/1.8/gems/hobo-0.9.104/taglibs/core.dryml in 0.02s
  DRYML: Compiled /usr/lib/ruby/gems/1.8/gems/hobo-0.9.104/taglibs/rapid_core.dryml in 0.20s
  DRYML: Compiled /usr/lib/ruby/gems/1.8/gems/hobo-0.9.104/taglibs/rapid_support.dryml in 0.01s
  DRYML: Compiled /usr/lib/ruby/gems/1.8/gems/hobo-0.9.104/taglibs/rapid_document_tags.dryml in 0.04s
  DRYML: Compiled /usr/lib/ruby/gems/1.8/gems/hobo-0.9.104/taglibs/rapid_pages.dryml in 0.21s
  DRYML: Compiled /usr/lib/ruby/gems/1.8/gems/hobo-0.9.104/taglibs/rapid_editing.dryml in 0.06s
  DRYML: Compiled /usr/lib/ruby/gems/1.8/gems/hobo-0.9.104/taglibs/rapid_forms.dryml in 0.37s
  DRYML: Compiled /usr/lib/ruby/gems/1.8/gems/hobo-0.9.104/taglibs/rapid_navigation.dryml in 0.11s
  DRYML: Compiled /usr/lib/ruby/gems/1.8/gems/hobo-0.9.104/taglibs/rapid_plus.dryml in 0.09s
  DRYML: Compiled /usr/lib/ruby/gems/1.8/gems/hobo-0.9.104/taglibs/rapid_generics.dryml in 0.03s
  DRYML: Compiled /usr/lib/ruby/gems/1.8/gems/hobo-0.9.104/taglibs/rapid_lifecycles.dryml in 0.01s
  DRYML: Compiled /usr/lib/ruby/gems/1.8/gems/hobo-0.9.104/taglibs/rapid_summary.dryml in 0.18s
  DRYML: Compiled /usr/lib/ruby/gems/1.8/gems/hobo-0.9.104/taglibs/rapid_user_pages.dryml in 0.25s
  DRYML: Compiled /usr/lib/ruby/gems/1.8/gems/hobo-0.9.104/taglibs/rapid.dryml in 1.59s
  DRYML: Compiled app/views/taglibs/auto/rapid/cards.dryml in 0.01s
  DRYML: Compiled app/views/taglibs/auto/rapid/pages.dryml in 0.19s
  DRYML: Compiled app/views/taglibs/auto/rapid/forms.dryml in 0.04s
  DRYML: Compiled app/views/taglibs/themes/clean/clean.dryml in 0.01s
  DRYML: Compiled app/views/taglibs/application.dryml in 1.86s
  DRYML: Compiled app/views/front/index.dryml in 1.90s
  [4;35;1mUser Load (0.5ms)[0m   [0mSELECT * FROM "users" LIMIT 30[0m
  [4;36;1mSQL (0.2ms)[0m   [0;1mSELECT count(*) AS count_all FROM "users" [0m
Completed in 2153ms (View: 2142, DB: 1) | 200 OK [http://localhost/]
  [4;36;1mSQL (0.7ms)[0m   [0;1m SELECT name
 FROM sqlite_master
 WHERE type = 'table' AND NOT name = 'sqlite_sequence'
[0m


Processing FrontController#index (for 127.0.0.1 at 2010-02-01 12:14:01) [GET]
  [4;35;1mUser Load (0.5ms)[0m   [0mSELECT * FROM "users" WHERE ("users"."remember_token" = '65db43a67b71bd96d48baa3ddeb378e6f2ce45f4') LIMIT 1[0m
Rendering front/index
  DRYML: Compiled vendor/plugins/hobo/hobo/taglibs/core.dryml in 0.02s
  DRYML: Compiled vendor/plugins/hobo/hobo/taglibs/rapid_core.dryml in 0.21s
  DRYML: Compiled vendor/plugins/hobo/hobo/taglibs/rapid_support.dryml in 0.01s
  DRYML: Compiled vendor/plugins/hobo/hobo/taglibs/rapid_document_tags.dryml in 0.10s
  DRYML: Compiled vendor/plugins/hobo/hobo/taglibs/rapid_pages.dryml in 0.15s
  DRYML: Compiled vendor/plugins/hobo/hobo/taglibs/rapid_editing.dryml in 0.13s
  DRYML: Compiled vendor/plugins/hobo/hobo/taglibs/rapid_forms.dryml in 0.36s
  DRYML: Compiled vendor/plugins/hobo/hobo/taglibs/rapid_navigation.dryml in 0.05s
  DRYML: Compiled vendor/plugins/hobo/hobo/taglibs/rapid_plus.dryml in 0.09s
  DRYML: Compiled vendor/plugins/hobo/hobo/taglibs/rapid_generics.dryml in 0.10s
  DRYML: Compiled vendor/plugins/hobo/hobo/taglibs/rapid_lifecycles.dryml in 0.01s
  DRYML: Compiled vendor/plugins/hobo/hobo/taglibs/rapid_summary.dryml in 0.11s
  DRYML: Compiled vendor/plugins/hobo/hobo/taglibs/rapid_user_pages.dryml in 0.25s
  DRYML: Compiled vendor/plugins/hobo/hobo/taglibs/rapid.dryml in 1.59s
  DRYML: Compiled app/views/taglibs/auto/rapid/cards.dryml in 0.01s
  DRYML: Compiled app/views/taglibs/auto/rapid/pages.dryml in 0.20s
  DRYML: Compiled app/views/taglibs/auto/rapid/forms.dryml in 0.04s
  DRYML: Compiled app/views/taglibs/themes/clean/clean.dryml in 0.02s
  DRYML: Compiled app/views/taglibs/application.dryml in 1.87s
  DRYML: Compiled app/views/front/index.dryml in 1.92s
  [4;36;1mUser Load (0.3ms)[0m   [0;1mSELECT * FROM "users" LIMIT 30[0m
  [4;35;1mSQL (0.3ms)[0m   [0mSELECT count(*) AS count_all FROM "users" [0m
Completed in 2288ms (View: 2246, DB: 1) | 200 OK [http://localhost/]
  [4;36;1mSQL (0.5ms)[0m   [0;1m SELECT name
 FROM sqlite_master
 WHERE type = 'table' AND NOT name = 'sqlite_sequence'
[0m


Processing UsersController#do_signup (for 127.0.0.1 at 2010-02-01 12:14:23) [POST]
  Parameters: {"page_path"=>"front/index", "action"=>"do_signup", "authenticity_token"=>"olvYAuoUD03kPY0BdKVlq/umKorhXSqbWx3A1DlbEjg=", "controller"=>"users", "user"=>{"name"=>"Kevin", "password_confirmation"=>"[FILTERED]", "email_address"=>"kpotter@abqpubco.com", "password"=>"[FILTERED]"}}
  [4;35;1mUser Load (0.3ms)[0m   [0mSELECT * FROM "users" WHERE ("users"."remember_token" = '65db43a67b71bd96d48baa3ddeb378e6f2ce45f4') LIMIT 1[0m
  [4;36;1mUser Load (0.1ms)[0m   [0;1mSELECT "users".id FROM "users" WHERE ("users"."name" = 'Kevin') LIMIT 1[0m
  [4;35;1mUser Load (0.2ms)[0m   [0mSELECT "users".id FROM "users" WHERE (LOWER("users"."email_address") = 'kpotter@abqpubco.com') LIMIT 1[0m
  [4;36;1mSQL (0.2ms)[0m   [0;1mSELECT count(*) AS count_all FROM "users" [0m
  [4;35;1mUser Create (0.9ms)[0m   [0mINSERT INTO "users" ("salt", "name", "key_timestamp", "created_at", "crypted_password", "remember_token_expires_at", "updated_at", "administrator", "remember_token", "email_address", "state") VALUES('d9bf15199c3f1b8299a2e8ef8875a91bb2bb6e74', 'Kevin', NULL, '2010-02-01 19:14:23', 'ecb9b440638218627e1e3957a81b4e914665a945', NULL, '2010-02-01 19:14:23', 't', NULL, 'kpotter@abqpubco.com', 'active')[0m
Redirected to http://localhost:3000
Completed in 190ms (DB: 2) | 302 Found [http://localhost/users/signup]
  [4;36;1mSQL (0.6ms)[0m   [0;1m SELECT name
 FROM sqlite_master
 WHERE type = 'table' AND NOT name = 'sqlite_sequence'
[0m


Processing FrontController#index (for 127.0.0.1 at 2010-02-01 12:14:23) [GET]
  [4;35;1mUser Load (0.6ms)[0m   [0mSELECT * FROM "users" WHERE ("users"."id" = 1) [0m
Rendering front/index
  [4;36;1mUser Load (0.5ms)[0m   [0;1mSELECT * FROM "users" LIMIT 30[0m
  [4;35;1mSQL (0.2ms)[0m   [0mSELECT count(*) AS count_all FROM "users" [0m
Completed in 188ms (View: 182, DB: 2) | 200 OK [http://localhost/]
  [4;36;1mSQL (0.6ms)[0m   [0;1m SELECT name
 FROM sqlite_master
 WHERE type = 'table' AND NOT name = 'sqlite_sequence'
[0m
  [4;35;1mSQL (0.2ms)[0m   [0mSELECT version FROM schema_migrations[0m
  [4;36;1mSQL (0.4ms)[0m   [0;1m SELECT name
 FROM sqlite_master
 WHERE type = 'table' AND NOT name = 'sqlite_sequence'
[0m
  [4;35;1mSQL (0.4ms)[0m   [0m SELECT name
 FROM sqlite_master
 WHERE type = 'table' AND NOT name = 'sqlite_sequence'
[0m
  [4;36;1mSQL (0.2ms)[0m   [0;1mselect sqlite_version(*)[0m
  [4;35;1mSQL (0.2ms)[0m   [0mPRAGMA index_list("users")[0m
  [4;36;1mSQL (0.2ms)[0m   [0;1mPRAGMA index_info('index_users_on_state')[0m
  [4;36;1mSQL (0.8ms)[0m   [0;1m SELECT name
 FROM sqlite_master
 WHERE type = 'table' AND NOT name = 'sqlite_sequence'
[0m
  [4;35;1mSQL (0.4ms)[0m   [0m SELECT name
 FROM sqlite_master
 WHERE type = 'table' AND NOT name = 'sqlite_sequence'
[0m
  [4;36;1mSQL (0.2ms)[0m   [0;1mSELECT version FROM schema_migrations[0m
Migrating to Users (20100122213837)
Migrating to AddProjects (20100201203257)
  [4;35;1mSQL (0.1ms)[0m   [0mselect sqlite_version(*)[0m
  [4;36;1mSQL (0.8ms)[0m   [0;1mCREATE TABLE "projects" ("id" INTEGER PRIMARY KEY AUTOINCREMENT NOT NULL, "name" varchar(255), "budget" varchar(255), "status" varchar(255), "created_at" datetime, "updated_at" datetime, "user_id" integer) [0m
  [4;35;1mSQL (0.3ms)[0m   [0mCREATE INDEX "index_projects_on_user_id" ON "projects" ("user_id")[0m
  [4;36;1mSQL (0.4ms)[0m   [0;1mINSERT INTO schema_migrations (version) VALUES ('20100201203257')[0m
  [4;35;1mSQL (0.5ms)[0m   [0m SELECT name
 FROM sqlite_master
 WHERE type = 'table' AND NOT name = 'sqlite_sequence'
[0m
  [4;36;1mSQL (0.2ms)[0m   [0;1mSELECT version FROM schema_migrations[0m
  [4;35;1mSQL (0.3ms)[0m   [0m SELECT name
 FROM sqlite_master
 WHERE type = 'table' AND NOT name = 'sqlite_sequence'
[0m
  [4;36;1mSQL (0.2ms)[0m   [0;1mPRAGMA index_list("projects")[0m
  [4;35;1mSQL (0.2ms)[0m   [0mPRAGMA index_info('index_projects_on_user_id')[0m
  [4;36;1mSQL (0.2ms)[0m   [0;1mPRAGMA index_list("users")[0m
  [4;35;1mSQL (0.2ms)[0m   [0mPRAGMA index_info('index_users_on_state')[0m
  [4;36;1mSQL (0.7ms)[0m   [0;1m SELECT name
 FROM sqlite_master
 WHERE type = 'table' AND NOT name = 'sqlite_sequence'
[0m


Processing FrontController#index (for 127.0.0.1 at 2010-02-01 13:33:06) [GET]
  [4;35;1mUser Load (0.5ms)[0m   [0mSELECT * FROM "users" WHERE ("users"."id" = 1) [0m
Rendering front/index
  DRYML: Compiled app/views/taglibs/auto/rapid/cards.dryml in 0.03s
  DRYML: Compiled app/views/taglibs/auto/rapid/pages.dryml in 0.30s
  DRYML: Compiled app/views/taglibs/auto/rapid/forms.dryml in 0.05s
  [4;36;1mUser Load (0.5ms)[0m   [0;1mSELECT * FROM "users" LIMIT 30[0m
  [4;35;1mSQL (0.2ms)[0m   [0mSELECT count(*) AS count_all FROM "users" [0m
Completed in 637ms (View: 631, DB: 2) | 200 OK [http://localhost/]
  [4;36;1mSQL (0.7ms)[0m   [0;1m SELECT name
 FROM sqlite_master
 WHERE type = 'table' AND NOT name = 'sqlite_sequence'
[0m


Processing ProjectsController#index (for 127.0.0.1 at 2010-02-01 13:33:08) [GET]
  [4;35;1mUser Load (0.5ms)[0m   [0mSELECT * FROM "users" WHERE ("users"."id" = 1) [0m
  [4;36;1mProject Load (0.1ms)[0m   [0;1mSELECT * FROM "projects" LIMIT 30 OFFSET 0[0m
  [4;35;1mUser Load (0.5ms)[0m   [0mSELECT * FROM "users" LIMIT 30[0m
Completed in 316ms (View: 309, DB: 2) | 200 OK [http://localhost/projects]
  [4;36;1mSQL (0.6ms)[0m   [0;1m SELECT name
 FROM sqlite_master
 WHERE type = 'table' AND NOT name = 'sqlite_sequence'
[0m


Processing ProjectsController#new (for 127.0.0.1 at 2010-02-01 13:33:12) [GET]
  [4;35;1mUser Load (0.6ms)[0m   [0mSELECT * FROM "users" WHERE ("users"."id" = 1) [0m
  [4;36;1mUser Load (0.5ms)[0m   [0;1mSELECT * FROM "users" LIMIT 30[0m
  [4;35;1mUser Load (0.6ms)[0m   [0mSELECT * FROM "users" LIMIT 100[0m
Completed in 357ms (View: 349, DB: 2) | 200 OK [http://localhost/projects/new]
  [4;36;1mSQL (0.6ms)[0m   [0;1m SELECT name
 FROM sqlite_master
 WHERE type = 'table' AND NOT name = 'sqlite_sequence'
[0m


Processing FrontController#index (for 127.0.0.1 at 2010-02-01 13:33:31) [GET]
  [4;35;1mUser Load (0.5ms)[0m   [0mSELECT * FROM "users" WHERE ("users"."id" = 1) [0m
Rendering front/index
  [4;36;1mUser Load (0.6ms)[0m   [0;1mSELECT * FROM "users" LIMIT 30[0m
  [4;35;1mSQL (0.3ms)[0m   [0mSELECT count(*) AS count_all FROM "users" [0m
Completed in 294ms (View: 288, DB: 2) | 200 OK [http://localhost/]
  [4;36;1mSQL (0.7ms)[0m   [0;1m SELECT name
 FROM sqlite_master
 WHERE type = 'table' AND NOT name = 'sqlite_sequence'
[0m
  [4;35;1mSQL (0.2ms)[0m   [0mSELECT version FROM schema_migrations[0m
  [4;36;1mSQL (0.4ms)[0m   [0;1m SELECT name
 FROM sqlite_master
 WHERE type = 'table' AND NOT name = 'sqlite_sequence'
[0m
  [4;35;1mSQL (0.4ms)[0m   [0m SELECT name
 FROM sqlite_master
 WHERE type = 'table' AND NOT name = 'sqlite_sequence'
[0m
  [4;36;1mSQL (0.3ms)[0m   [0;1mselect sqlite_version(*)[0m
  [4;35;1mSQL (0.3ms)[0m   [0m SELECT name
 FROM sqlite_master
 WHERE type = 'table' AND NOT name = 'sqlite_sequence'
[0m
  [4;36;1mSQL (0.2ms)[0m   [0;1mSELECT version FROM schema_migrations[0m
  [4;35;1mSQL (0.2ms)[0m   [0mPRAGMA index_list("projects")[0m
  [4;36;1mSQL (0.2ms)[0m   [0;1mPRAGMA index_info('index_projects_on_user_id')[0m
  [4;35;1mSQL (0.2ms)[0m   [0mPRAGMA index_list("projects")[0m
  [4;36;1mSQL (0.2ms)[0m   [0;1mPRAGMA index_info('index_projects_on_user_id')[0m
  [4;35;1mSQL (0.2ms)[0m   [0mPRAGMA index_list("users")[0m
  [4;36;1mSQL (0.1ms)[0m   [0;1mPRAGMA index_info('index_users_on_state')[0m
  [4;36;1mSQL (0.8ms)[0m   [0;1m SELECT name
 FROM sqlite_master
 WHERE type = 'table' AND NOT name = 'sqlite_sequence'
[0m
  [4;35;1mSQL (0.4ms)[0m   [0m SELECT name
 FROM sqlite_master
 WHERE type = 'table' AND NOT name = 'sqlite_sequence'
[0m
  [4;36;1mSQL (0.2ms)[0m   [0;1mSELECT version FROM schema_migrations[0m
Migrating to Users (20100122213837)
Migrating to AddProjects (20100201203257)
Migrating to ChangeProjectsToUseLifecycle (20100201211542)
  [4;35;1mSQL (0.1ms)[0m   [0mselect sqlite_version(*)[0m
  [4;36;1mSQL (0.8ms)[0m   [0;1mALTER TABLE "projects" ADD "description" text[0m
  [4;35;1mSQL (0.2ms)[0m   [0mALTER TABLE "projects" ADD "due" datetime[0m
  [4;36;1mSQL (0.2ms)[0m   [0;1mALTER TABLE "projects" ADD "state" varchar(255) DEFAULT 'open'[0m
  [4;35;1mSQL (0.2ms)[0m   [0mALTER TABLE "projects" ADD "key_timestamp" datetime[0m
  [4;36;1mSQL (14.3ms)[0m   [0;1mCREATE TEMPORARY TABLE "altered_projects" ("id" INTEGER PRIMARY KEY AUTOINCREMENT NOT NULL, "name" varchar(255), "budget" varchar(255), "status" varchar(255), "created_at" datetime, "updated_at" datetime, "user_id" integer, "description" text, "due" datetime, "state" varchar(255) DEFAULT 'open', "key_timestamp" datetime) [0m
  [4;35;1mSQL (0.3ms)[0m   [0mPRAGMA index_list("projects")[0m
  [4;36;1mSQL (0.2ms)[0m   [0;1mPRAGMA index_info('index_projects_on_user_id')[0m
  [4;35;1mSQL (0.2ms)[0m   [0mCREATE INDEX "temp_index_altered_projects_on_user_id" ON "altered_projects" ("user_id")[0m
  [4;36;1mSQL (3.4ms)[0m   [0;1mDROP TABLE "projects"[0m
  [4;35;1mSQL (0.3ms)[0m   [0mCREATE TABLE "projects" ("id" INTEGER PRIMARY KEY AUTOINCREMENT NOT NULL, "name" varchar(255), "budget" varchar(255), "created_at" datetime, "updated_at" datetime, "user_id" integer, "description" text, "due" datetime, "state" varchar(255) DEFAULT 'open', "key_timestamp" datetime) [0m
  [4;36;1mSQL (0.2ms)[0m   [0;1mPRAGMA index_list("altered_projects")[0m
  [4;35;1mSQL (0.2ms)[0m   [0mPRAGMA index_info('temp_index_altered_projects_on_user_id')[0m
  [4;36;1mSQL (0.2ms)[0m   [0;1mCREATE INDEX "index_projects_on_user_id" ON "projects" ("user_id")[0m
  [4;35;1mSQL (10.1ms)[0m   [0mDROP TABLE "altered_projects"[0m
  [4;36;1mSQL (0.3ms)[0m   [0;1mCREATE INDEX "index_projects_on_state" ON "projects" ("state")[0m
  [4;35;1mSQL (0.4ms)[0m   [0mINSERT INTO schema_migrations (version) VALUES ('20100201211542')[0m
  [4;36;1mSQL (0.4ms)[0m   [0;1m SELECT name
 FROM sqlite_master
 WHERE type = 'table' AND NOT name = 'sqlite_sequence'
[0m
  [4;35;1mSQL (0.3ms)[0m   [0mSELECT version FROM schema_migrations[0m
  [4;36;1mSQL (0.3ms)[0m   [0;1m SELECT name
 FROM sqlite_master
 WHERE type = 'table' AND NOT name = 'sqlite_sequence'
[0m
  [4;35;1mSQL (0.3ms)[0m   [0mPRAGMA index_list("projects")[0m
  [4;36;1mSQL (0.2ms)[0m   [0;1mPRAGMA index_info('index_projects_on_state')[0m
  [4;35;1mSQL (0.2ms)[0m   [0mPRAGMA index_info('index_projects_on_user_id')[0m
  [4;36;1mSQL (0.2ms)[0m   [0;1mPRAGMA index_list("users")[0m
  [4;35;1mSQL (0.2ms)[0m   [0mPRAGMA index_info('index_users_on_state')[0m
  [4;36;1mSQL (0.7ms)[0m   [0;1m SELECT name
 FROM sqlite_master
 WHERE type = 'table' AND NOT name = 'sqlite_sequence'
[0m


Processing FrontController#index (for 127.0.0.1 at 2010-02-01 14:15:50) [GET]
  [4;35;1mUser Load (0.5ms)[0m   [0mSELECT * FROM "users" WHERE ("users"."id" = 1) [0m
Rendering front/index
  DRYML: Compiled app/views/taglibs/auto/rapid/pages.dryml in 0.35s
  DRYML: Compiled app/views/taglibs/auto/rapid/forms.dryml in 0.18s
  [4;36;1mUser Load (0.5ms)[0m   [0;1mSELECT * FROM "users" LIMIT 30[0m
  [4;35;1mSQL (0.3ms)[0m   [0mSELECT count(*) AS count_all FROM "users" [0m
Completed in 816ms (View: 811, DB: 2) | 200 OK [http://localhost/]
  [4;36;1mSQL (0.6ms)[0m   [0;1m SELECT name
 FROM sqlite_master
 WHERE type = 'table' AND NOT name = 'sqlite_sequence'
[0m


Processing FrontController#index (for 127.0.0.1 at 2010-02-01 14:15:51) [GET]
  [4;35;1mUser Load (0.5ms)[0m   [0mSELECT * FROM "users" WHERE ("users"."id" = 1) [0m
Rendering front/index
  [4;36;1mUser Load (0.5ms)[0m   [0;1mSELECT * FROM "users" LIMIT 30[0m
  [4;35;1mSQL (0.2ms)[0m   [0mSELECT count(*) AS count_all FROM "users" [0m
Completed in 205ms (View: 199, DB: 2) | 200 OK [http://localhost/]
  [4;36;1mSQL (0.7ms)[0m   [0;1m SELECT name
 FROM sqlite_master
 WHERE type = 'table' AND NOT name = 'sqlite_sequence'
[0m


Processing ProjectsController#index (for 127.0.0.1 at 2010-02-01 14:15:53) [GET]
  [4;35;1mUser Load (0.5ms)[0m   [0mSELECT * FROM "users" WHERE ("users"."id" = 1) [0m
  [4;36;1mProject Load (0.1ms)[0m   [0;1mSELECT * FROM "projects" LIMIT 30 OFFSET 0[0m
  [4;35;1mUser Load (0.6ms)[0m   [0mSELECT * FROM "users" LIMIT 30[0m
Completed in 307ms (View: 300, DB: 2) | 200 OK [http://localhost/projects]
  [4;36;1mSQL (0.7ms)[0m   [0;1m SELECT name
 FROM sqlite_master
 WHERE type = 'table' AND NOT name = 'sqlite_sequence'
[0m


Processing ProjectsController#new (for 127.0.0.1 at 2010-02-01 14:15:55) [GET]
  [4;35;1mUser Load (0.5ms)[0m   [0mSELECT * FROM "users" WHERE ("users"."id" = 1) [0m
  [4;36;1mUser Load (0.5ms)[0m   [0;1mSELECT * FROM "users" LIMIT 30[0m
  [4;35;1mUser Load (0.6ms)[0m   [0mSELECT * FROM "users" LIMIT 100[0m
Completed in 568ms (View: 560, DB: 2) | 200 OK [http://localhost/projects/new]
  [4;36;1mSQL (0.7ms)[0m   [0;1m SELECT name
 FROM sqlite_master
 WHERE type = 'table' AND NOT name = 'sqlite_sequence'
[0m


Processing ProjectsController#create (for 127.0.0.1 at 2010-02-01 14:16:22) [POST]
  Parameters: {"page_path"=>"projects/new", "authenticity_token"=>"olvYAuoUD03kPY0BdKVlq/umKorhXSqbWx3A1DlbEjg=", "project"=>{"name"=>"test", "user_id"=>"1", "description"=>"tbd", "due"=>{"minute"=>"15", "month"=>"7", "hour"=>"21", "day"=>"1", "year"=>"2010"}, "budget"=>"tbd"}}
  [4;35;1mUser Load (0.5ms)[0m   [0mSELECT * FROM "users" WHERE ("users"."id" = 1) [0m
  [4;36;1mCACHE (0.0ms)[0m   [0;1mSELECT * FROM "users" WHERE ("users"."id" = 1) [0m
  [4;35;1mProject Create (1.1ms)[0m   [0mINSERT INTO "projects" ("name", "key_timestamp", "created_at", "updated_at", "user_id", "description", "budget", "due", "state") VALUES('test', NULL, '2010-02-01 21:16:22', '2010-02-01 21:16:22', 1, 'tbd', 'tbd', '2010-07-01 21:15:00', 'open')[0m
Redirected to http://localhost:3000/projects/1-test
Completed in 169ms (DB: 2) | 302 Found [http://localhost/projects]
  [4;36;1mSQL (0.7ms)[0m   [0;1m SELECT name
 FROM sqlite_master
 WHERE type = 'table' AND NOT name = 'sqlite_sequence'
[0m


Processing ProjectsController#show (for 127.0.0.1 at 2010-02-01 14:16:22) [GET]
  Parameters: {"id"=>"1-test"}
  [4;35;1mUser Load (0.5ms)[0m   [0mSELECT * FROM "users" WHERE ("users"."id" = 1) [0m
  [4;36;1mProject Load (0.4ms)[0m   [0;1mSELECT * FROM "projects" WHERE ("projects"."id" = 1) [0m
  [4;35;1mUser Load (0.5ms)[0m   [0mSELECT * FROM "users" LIMIT 30[0m
  [4;36;1mCACHE (0.0ms)[0m   [0;1mSELECT * FROM "users" WHERE ("users"."id" = 1) [0m
Completed in 329ms (View: 322, DB: 2) | 200 OK [http://localhost/projects/1-test]
  [4;35;1mSQL (0.6ms)[0m   [0m SELECT name
 FROM sqlite_master
 WHERE type = 'table' AND NOT name = 'sqlite_sequence'
[0m


Processing ProjectsController#edit (for 127.0.0.1 at 2010-02-01 14:16:26) [GET]
  Parameters: {"id"=>"1-test"}
  [4;36;1mUser Load (0.5ms)[0m   [0;1mSELECT * FROM "users" WHERE ("users"."id" = 1) [0m
  [4;35;1mProject Load (0.4ms)[0m   [0mSELECT * FROM "projects" WHERE ("projects"."id" = 1) [0m
  [4;36;1mUser Load (0.6ms)[0m   [0;1mSELECT * FROM "users" LIMIT 30[0m
  [4;35;1mCACHE (0.0ms)[0m   [0mSELECT * FROM "users" WHERE ("users"."id" = 1) [0m
  [4;36;1mUser Load (0.6ms)[0m   [0;1mSELECT * FROM "users" LIMIT 100[0m
Completed in 477ms (View: 470, DB: 3) | 200 OK [http://localhost/projects/1-test/edit]
  [4;36;1mSQL (0.8ms)[0m   [0;1m SELECT name
 FROM sqlite_master
 WHERE type = 'table' AND NOT name = 'sqlite_sequence'
[0m
  [4;35;1mProject Load (0.6ms)[0m   [0mSELECT * FROM "projects" LIMIT 1[0m
  [4;35;1mSQL (0.7ms)[0m   [0m SELECT name
 FROM sqlite_master
 WHERE type = 'table' AND NOT name = 'sqlite_sequence'
[0m


Processing ProjectsController#show (for 127.0.0.1 at 2010-02-01 14:22:07) [GET]
  Parameters: {"id"=>"1-test"}
  [4;36;1mUser Load (0.6ms)[0m   [0;1mSELECT * FROM "users" WHERE ("users"."id" = 1) [0m
  [4;35;1mProject Load (0.4ms)[0m   [0mSELECT * FROM "projects" WHERE ("projects"."id" = 1) [0m
  [4;36;1mUser Load (0.5ms)[0m   [0;1mSELECT * FROM "users" LIMIT 30[0m
  [4;35;1mCACHE (0.0ms)[0m   [0mSELECT * FROM "users" WHERE ("users"."id" = 1) [0m
Completed in 334ms (View: 326, DB: 2) | 200 OK [http://localhost/projects/1-test]
  [4;36;1mSQL (0.7ms)[0m   [0;1m SELECT name
 FROM sqlite_master
 WHERE type = 'table' AND NOT name = 'sqlite_sequence'
[0m
  [4;35;1mSQL (0.2ms)[0m   [0mSELECT version FROM schema_migrations[0m
  [4;36;1mSQL (0.4ms)[0m   [0;1m SELECT name
 FROM sqlite_master
 WHERE type = 'table' AND NOT name = 'sqlite_sequence'
[0m
  [4;35;1mSQL (0.4ms)[0m   [0m SELECT name
 FROM sqlite_master
 WHERE type = 'table' AND NOT name = 'sqlite_sequence'
[0m
  [4;36;1mSQL (0.1ms)[0m   [0;1mselect sqlite_version(*)[0m
  [4;35;1mSQL (0.2ms)[0m   [0mPRAGMA index_list("projects")[0m
  [4;36;1mSQL (0.1ms)[0m   [0;1mPRAGMA index_info('index_projects_on_state')[0m
  [4;35;1mSQL (0.1ms)[0m   [0mPRAGMA index_info('index_projects_on_user_id')[0m
  [4;36;1mSQL (0.2ms)[0m   [0;1mPRAGMA index_list("users")[0m
  [4;35;1mSQL (0.1ms)[0m   [0mPRAGMA index_info('index_users_on_state')[0m
  [4;36;1mSQL (0.8ms)[0m   [0;1m SELECT name
 FROM sqlite_master
 WHERE type = 'table' AND NOT name = 'sqlite_sequence'
[0m
  [4;35;1mSQL (0.4ms)[0m   [0m SELECT name
 FROM sqlite_master
 WHERE type = 'table' AND NOT name = 'sqlite_sequence'
[0m
  [4;36;1mSQL (0.2ms)[0m   [0;1mSELECT version FROM schema_migrations[0m
Migrating to Users (20100122213837)
Migrating to AddProjects (20100201203257)
Migrating to ChangeProjectsToUseLifecycle (20100201211542)
Migrating to AddBids (20100201212700)
  [4;35;1mSQL (0.1ms)[0m   [0mselect sqlite_version(*)[0m
  [4;36;1mSQL (0.9ms)[0m   [0;1mCREATE TABLE "bids" ("id" INTEGER PRIMARY KEY AUTOINCREMENT NOT NULL, "amount" varchar(255), "time_estimate" varchar(255), "notes" text, "created_at" datetime, "updated_at" datetime, "project_id" integer, "user_id" integer) [0m
  [4;35;1mSQL (0.3ms)[0m   [0mCREATE INDEX "index_bids_on_project_id" ON "bids" ("project_id")[0m
  [4;36;1mSQL (0.1ms)[0m   [0;1mCREATE INDEX "index_bids_on_user_id" ON "bids" ("user_id")[0m
  [4;35;1mSQL (0.4ms)[0m   [0mINSERT INTO schema_migrations (version) VALUES ('20100201212700')[0m
  [4;36;1mSQL (0.4ms)[0m   [0;1m SELECT name
 FROM sqlite_master
 WHERE type = 'table' AND NOT name = 'sqlite_sequence'
[0m
  [4;35;1mSQL (0.3ms)[0m   [0mSELECT version FROM schema_migrations[0m
  [4;36;1mSQL (0.3ms)[0m   [0;1m SELECT name
 FROM sqlite_master
 WHERE type = 'table' AND NOT name = 'sqlite_sequence'
[0m
  [4;35;1mSQL (0.3ms)[0m   [0mPRAGMA index_list("bids")[0m
  [4;36;1mSQL (0.2ms)[0m   [0;1mPRAGMA index_info('index_bids_on_user_id')[0m
  [4;35;1mSQL (0.2ms)[0m   [0mPRAGMA index_info('index_bids_on_project_id')[0m
  [4;36;1mSQL (0.2ms)[0m   [0;1mPRAGMA index_list("projects")[0m
  [4;35;1mSQL (0.2ms)[0m   [0mPRAGMA index_info('index_projects_on_state')[0m
  [4;36;1mSQL (0.2ms)[0m   [0;1mPRAGMA index_info('index_projects_on_user_id')[0m
  [4;35;1mSQL (0.2ms)[0m   [0mPRAGMA index_list("users")[0m
  [4;36;1mSQL (0.1ms)[0m   [0;1mPRAGMA index_info('index_users_on_state')[0m
  [4;36;1mSQL (0.8ms)[0m   [0;1m SELECT name
 FROM sqlite_master
 WHERE type = 'table' AND NOT name = 'sqlite_sequence'
[0m


Processing ProjectsController#show (for 127.0.0.1 at 2010-02-01 14:27:09) [GET]
  Parameters: {"id"=>"1-test"}
  [4;35;1mUser Load (0.6ms)[0m   [0mSELECT * FROM "users" WHERE ("users"."id" = 1) [0m
  [4;36;1mProject Load (0.4ms)[0m   [0;1mSELECT * FROM "projects" WHERE ("projects"."id" = 1) [0m
  DRYML: Compiled app/views/taglibs/auto/rapid/cards.dryml in 0.03s
  DRYML: Compiled app/views/taglibs/auto/rapid/pages.dryml in 0.55s
  DRYML: Compiled app/views/taglibs/auto/rapid/forms.dryml in 0.19s
  [4;35;1mUser Load (0.6ms)[0m   [0mSELECT * FROM "users" LIMIT 30[0m
  [4;36;1mCACHE (0.0ms)[0m   [0;1mSELECT * FROM "users" WHERE ("users"."id" = 1) [0m
Completed in 983ms (View: 975, DB: 2) | 200 OK [http://localhost/projects/1-test]
  [4;35;1mSQL (0.8ms)[0m   [0m SELECT name
 FROM sqlite_master
 WHERE type = 'table' AND NOT name = 'sqlite_sequence'
[0m


Processing ProjectsController#show (for 127.0.0.1 at 2010-02-01 14:27:26) [GET]
  Parameters: {"id"=>"1-test"}
  [4;36;1mUser Load (0.5ms)[0m   [0;1mSELECT * FROM "users" WHERE ("users"."id" = 1) [0m
  [4;35;1mProject Load (0.3ms)[0m   [0mSELECT * FROM "projects" WHERE ("projects"."id" = 1) [0m
  DRYML: Compiled app/views/taglibs/auto/rapid/cards.dryml in 0.04s
  DRYML: Compiled app/views/taglibs/auto/rapid/pages.dryml in 0.54s
  [4;36;1mUser Load (0.5ms)[0m   [0;1mSELECT * FROM "users" LIMIT 30[0m
  [4;35;1mCACHE (0.0ms)[0m   [0mSELECT * FROM "users" WHERE ("users"."id" = 1) [0m
Completed in 884ms (View: 878, DB: 2) | 200 OK [http://localhost/projects/1-test]
  [4;36;1mSQL (1.2ms)[0m   [0;1m SELECT name
 FROM sqlite_master
 WHERE type = 'table' AND NOT name = 'sqlite_sequence'
[0m


Processing ProjectsController#show (for 127.0.0.1 at 2010-02-01 14:28:08) [GET]
  Parameters: {"id"=>"1-test"}
  [4;35;1mUser Load (0.6ms)[0m   [0mSELECT * FROM "users" WHERE ("users"."id" = 1) [0m
  [4;36;1mProject Load (0.4ms)[0m   [0;1mSELECT * FROM "projects" WHERE ("projects"."id" = 1) [0m
  DRYML: Compiled app/views/taglibs/auto/rapid/cards.dryml in 0.04s
  DRYML: Compiled app/views/taglibs/auto/rapid/pages.dryml in 0.55s
  [4;35;1mUser Load (0.6ms)[0m   [0mSELECT * FROM "users" LIMIT 30[0m
  [4;36;1mCACHE (0.0ms)[0m   [0;1mSELECT * FROM "users" WHERE ("users"."id" = 1) [0m
  [4;35;1mSQL (0.3ms)[0m   [0mSELECT count(*) AS count_all FROM "bids" WHERE ("bids".project_id = 1) [0m
Completed in 907ms (View: 900, DB: 3) | 200 OK [http://localhost/projects/1-test]
  [4;36;1mSQL (0.7ms)[0m   [0;1m SELECT name
 FROM sqlite_master
 WHERE type = 'table' AND NOT name = 'sqlite_sequence'
[0m


Processing ProjectsController#show (for 127.0.0.1 at 2010-02-01 14:28:09) [GET]
  Parameters: {"id"=>"1-test"}
  [4;35;1mUser Load (0.5ms)[0m   [0mSELECT * FROM "users" WHERE ("users"."id" = 1) [0m
  [4;36;1mProject Load (0.4ms)[0m   [0;1mSELECT * FROM "projects" WHERE ("projects"."id" = 1) [0m
  [4;35;1mUser Load (0.6ms)[0m   [0mSELECT * FROM "users" LIMIT 30[0m
  [4;36;1mCACHE (0.0ms)[0m   [0;1mSELECT * FROM "users" WHERE ("users"."id" = 1) [0m
  [4;35;1mSQL (0.3ms)[0m   [0mSELECT count(*) AS count_all FROM "bids" WHERE ("bids".project_id = 1) [0m
Completed in 349ms (View: 341, DB: 3) | 200 OK [http://localhost/projects/1-test]
  [4;36;1mSQL (0.7ms)[0m   [0;1m SELECT name
 FROM sqlite_master
 WHERE type = 'table' AND NOT name = 'sqlite_sequence'
[0m


Processing ProjectsController#show (for 127.0.0.1 at 2010-02-01 14:31:29) [GET]
  Parameters: {"id"=>"1-test"}
  [4;35;1mUser Load (0.5ms)[0m   [0mSELECT * FROM "users" WHERE ("users"."id" = 1) [0m
  [4;36;1mProject Load (0.4ms)[0m   [0;1mSELECT * FROM "projects" WHERE ("projects"."id" = 1) [0m
  DRYML: Compiled app/views/taglibs/auto/rapid/pages.dryml in 0.60s
  [4;35;1mUser Load (0.5ms)[0m   [0mSELECT * FROM "users" LIMIT 30[0m
  [4;36;1mCACHE (0.0ms)[0m   [0;1mSELECT * FROM "users" WHERE ("users"."id" = 1) [0m
  [4;35;1mSQL (0.3ms)[0m   [0mSELECT count(*) AS count_all FROM "bids" WHERE ("bids".project_id = 1) [0m
Completed in 1017ms (View: 1010, DB: 2) | 200 OK [http://localhost/projects/1-test]
  [4;36;1mSQL (0.7ms)[0m   [0;1m SELECT name
 FROM sqlite_master
 WHERE type = 'table' AND NOT name = 'sqlite_sequence'
[0m


Processing ProjectsController#show (for 127.0.0.1 at 2010-02-01 14:33:13) [GET]
  Parameters: {"id"=>"1-test"}
  [4;35;1mUser Load (0.5ms)[0m   [0mSELECT * FROM "users" WHERE ("users"."id" = 1) [0m
  [4;36;1mProject Load (0.4ms)[0m   [0;1mSELECT * FROM "projects" WHERE ("projects"."id" = 1) [0m
  DRYML: Compiled app/views/taglibs/auto/rapid/cards.dryml in 0.14s
  DRYML: Compiled app/views/taglibs/auto/rapid/pages.dryml in 0.64s
  DRYML: Compiled app/views/taglibs/auto/rapid/forms.dryml in 0.20s
  [4;35;1mUser Load (0.5ms)[0m   [0mSELECT * FROM "users" LIMIT 30[0m
  [4;36;1mCACHE (0.0ms)[0m   [0;1mSELECT * FROM "users" WHERE ("users"."id" = 1) [0m
  [4;35;1mSQL (0.3ms)[0m   [0mSELECT count(*) AS count_all FROM "bids" WHERE ("bids".project_id = 1) [0m
Completed in 1184ms (View: 1176, DB: 2) | 200 OK [http://localhost/projects/1-test]
  [4;36;1mSQL (0.8ms)[0m   [0;1m SELECT name
 FROM sqlite_master
 WHERE type = 'table' AND NOT name = 'sqlite_sequence'
[0m


Processing BidsController#new_for_project (for 127.0.0.1 at 2010-02-01 14:33:21) [GET]
  Parameters: {"project_id"=>"1-test"}
  [4;35;1mUser Load (0.5ms)[0m   [0mSELECT * FROM "users" WHERE ("users"."id" = 1) [0m
  [4;36;1mProject Load (0.4ms)[0m   [0;1mSELECT * FROM "projects" WHERE ("projects"."id" = 1) [0m
  [4;35;1mUser Load (0.6ms)[0m   [0mSELECT * FROM "users" LIMIT 30[0m
  [4;36;1mCACHE (0.0ms)[0m   [0;1mSELECT * FROM "projects" WHERE ("projects"."id" = 1) [0m
  [4;35;1mUser Load (0.5ms)[0m   [0mSELECT * FROM "users" LIMIT 100[0m
Completed in 509ms (View: 497, DB: 3) | 200 OK [http://localhost/projects/1-test/bids/new]
  [4;36;1mSQL (0.7ms)[0m   [0;1m SELECT name
 FROM sqlite_master
 WHERE type = 'table' AND NOT name = 'sqlite_sequence'
[0m


Processing BidsController#create_for_project (for 127.0.0.1 at 2010-02-01 14:33:38) [POST]
  Parameters: {"project_id"=>"1-test", "page_path"=>"bids/new_for_project", "authenticity_token"=>"olvYAuoUD03kPY0BdKVlq/umKorhXSqbWx3A1DlbEjg=", "bid"=>{"time_estimate"=>"1 yr", "notes"=>"", "project_id"=>"1", "amount"=>"1$", "user_id"=>"1"}}
  [4;35;1mUser Load (0.5ms)[0m   [0mSELECT * FROM "users" WHERE ("users"."id" = 1) [0m
  [4;36;1mProject Load (0.4ms)[0m   [0;1mSELECT * FROM "projects" WHERE ("projects"."id" = 1) [0m
  [4;35;1mBid Create (1.0ms)[0m   [0mINSERT INTO "bids" ("created_at", "time_estimate", "notes", "updated_at", "project_id", "amount", "user_id") VALUES('2010-02-01 21:33:38', '1 yr', '', '2010-02-01 21:33:38', 1, '1$', 1)[0m
Redirected to http://localhost:3000/bids/1
Completed in 61ms (DB: 3) | 302 Found [http://localhost/projects/1-test/bids]
  [4;36;1mSQL (0.7ms)[0m   [0;1m SELECT name
 FROM sqlite_master
 WHERE type = 'table' AND NOT name = 'sqlite_sequence'
[0m


Processing BidsController#show (for 127.0.0.1 at 2010-02-01 14:33:38) [GET]
  Parameters: {"id"=>"1"}
  [4;35;1mUser Load (0.5ms)[0m   [0mSELECT * FROM "users" WHERE ("users"."id" = 1) [0m
  [4;36;1mBid Load (0.3ms)[0m   [0;1mSELECT * FROM "bids" WHERE ("bids"."id" = 1) [0m
  [4;35;1mUser Load (0.5ms)[0m   [0mSELECT * FROM "users" LIMIT 30[0m
  [4;36;1mProject Load (0.5ms)[0m   [0;1mSELECT * FROM "projects" WHERE ("projects"."id" = 1) [0m
  [4;35;1mCACHE (0.0ms)[0m   [0mSELECT * FROM "users" WHERE ("users"."id" = 1) [0m
Completed in 348ms (View: 341, DB: 3) | 200 OK [http://localhost/bids/1]
  [4;36;1mSQL (0.8ms)[0m   [0;1m SELECT name
 FROM sqlite_master
 WHERE type = 'table' AND NOT name = 'sqlite_sequence'
[0m


Processing ProjectsController#show (for 127.0.0.1 at 2010-02-01 14:33:42) [GET]
  Parameters: {"id"=>"1-test"}
  [4;35;1mUser Load (0.5ms)[0m   [0mSELECT * FROM "users" WHERE ("users"."id" = 1) [0m
  [4;36;1mProject Load (0.4ms)[0m   [0;1mSELECT * FROM "projects" WHERE ("projects"."id" = 1) [0m
  [4;35;1mUser Load (0.5ms)[0m   [0mSELECT * FROM "users" LIMIT 30[0m
  [4;36;1mCACHE (0.0ms)[0m   [0;1mSELECT * FROM "users" WHERE ("users"."id" = 1) [0m
  [4;35;1mSQL (0.3ms)[0m   [0mSELECT count(*) AS count_all FROM "bids" WHERE ("bids".project_id = 1) [0m
  [4;36;1mBid Load (0.3ms)[0m   [0;1mSELECT * FROM "bids" WHERE ("bids".project_id = 1) [0m
  [4;35;1mCACHE (0.0ms)[0m   [0mSELECT * FROM "users" WHERE ("users"."id" = 1) [0m
Completed in 356ms (View: 348, DB: 3) | 200 OK [http://localhost/projects/1-test]
  [4;36;1mSQL (0.8ms)[0m   [0;1m SELECT name
 FROM sqlite_master
 WHERE type = 'table' AND NOT name = 'sqlite_sequence'
[0m


Processing ProjectsController#show (for 127.0.0.1 at 2010-02-01 14:34:21) [GET]
  Parameters: {"id"=>"1-test"}
  [4;35;1mUser Load (0.6ms)[0m   [0mSELECT * FROM "users" WHERE ("users"."id" = 1) [0m
  [4;36;1mProject Load (0.4ms)[0m   [0;1mSELECT * FROM "projects" WHERE ("projects"."id" = 1) [0m
  [4;35;1mUser Load (0.5ms)[0m   [0mSELECT * FROM "users" LIMIT 30[0m
  [4;36;1mCACHE (0.0ms)[0m   [0;1mSELECT * FROM "users" WHERE ("users"."id" = 1) [0m
  [4;35;1mSQL (0.4ms)[0m   [0mSELECT count(*) AS count_all FROM "bids" WHERE ("bids".project_id = 1) [0m
  [4;36;1mBid Load (0.4ms)[0m   [0;1mSELECT * FROM "bids" WHERE ("bids".project_id = 1) [0m
  [4;35;1mCACHE (0.0ms)[0m   [0mSELECT * FROM "users" WHERE ("users"."id" = 1) [0m
Completed in 364ms (View: 355, DB: 3) | 200 OK [http://localhost/projects/1-test]
  [4;36;1mSQL (0.7ms)[0m   [0;1m SELECT name
 FROM sqlite_master
 WHERE type = 'table' AND NOT name = 'sqlite_sequence'
[0m


Processing BidsController#show (for 127.0.0.1 at 2010-02-01 14:35:07) [GET]
  Parameters: {"id"=>"1-1"}
  [4;35;1mUser Load (0.5ms)[0m   [0mSELECT * FROM "users" WHERE ("users"."id" = 1) [0m
  [4;36;1mBid Load (0.4ms)[0m   [0;1mSELECT * FROM "bids" WHERE ("bids"."id" = 1) [0m
  [4;35;1mUser Load (0.6ms)[0m   [0mSELECT * FROM "users" LIMIT 30[0m
  [4;36;1mProject Load (0.5ms)[0m   [0;1mSELECT * FROM "projects" WHERE ("projects"."id" = 1) [0m
  [4;35;1mCACHE (0.0ms)[0m   [0mSELECT * FROM "users" WHERE ("users"."id" = 1) [0m
Completed in 357ms (View: 349, DB: 3) | 200 OK [http://localhost/bids/1-1]
  [4;36;1mSQL (0.7ms)[0m   [0;1m SELECT name
 FROM sqlite_master
 WHERE type = 'table' AND NOT name = 'sqlite_sequence'
[0m


Processing ProjectsController#show (for 127.0.0.1 at 2010-02-01 14:35:10) [GET]
  Parameters: {"id"=>"1-test"}
  [4;35;1mUser Load (0.5ms)[0m   [0mSELECT * FROM "users" WHERE ("users"."id" = 1) [0m
  [4;36;1mProject Load (0.4ms)[0m   [0;1mSELECT * FROM "projects" WHERE ("projects"."id" = 1) [0m
  [4;35;1mUser Load (0.6ms)[0m   [0mSELECT * FROM "users" LIMIT 30[0m
  [4;36;1mCACHE (0.0ms)[0m   [0;1mSELECT * FROM "users" WHERE ("users"."id" = 1) [0m
  [4;35;1mSQL (0.3ms)[0m   [0mSELECT count(*) AS count_all FROM "bids" WHERE ("bids".project_id = 1) [0m
  [4;36;1mBid Load (0.3ms)[0m   [0;1mSELECT * FROM "bids" WHERE ("bids".project_id = 1) [0m
  [4;35;1mCACHE (0.0ms)[0m   [0mSELECT * FROM "users" WHERE ("users"."id" = 1) [0m
Completed in 371ms (View: 363, DB: 3) | 200 OK [http://localhost/projects/1-test]
  [4;36;1mSQL (0.9ms)[0m   [0;1m SELECT name
 FROM sqlite_master
 WHERE type = 'table' AND NOT name = 'sqlite_sequence'
[0m
  [4;35;1mProject Load (0.6ms)[0m   [0mSELECT * FROM "projects" LIMIT 1[0m
  [4;36;1mSQL (0.7ms)[0m   [0;1m SELECT name
 FROM sqlite_master
 WHERE type = 'table' AND NOT name = 'sqlite_sequence'
[0m
  [4;35;1mProject Load (0.5ms)[0m   [0mSELECT * FROM "projects" LIMIT 1[0m
  [4;36;1mUser Load (0.6ms)[0m   [0;1mSELECT * FROM "users" LIMIT 1[0m
  [4;35;1mProject Update (0.9ms)[0m   [0mUPDATE "projects" SET "updated_at" = '2010-02-01 21:57:58', "state" = 'in_progress' WHERE "id" = 1[0m
